<?xml version="1.0" encoding="UTF-8"?>
<testsuite xmlns:xsi="http://www.w3.org/2001/XMLSchema-instance" xsi:noNamespaceSchemaLocation="https://maven.apache.org/surefire/maven-surefire-plugin/xsd/surefire-test-report-3.0.xsd" version="3.0" name="com.nexsoft.test.CalculatorTest" time="0.284" tests="27" errors="0" skipped="0" failures="0">
  <properties>
    <property name="java.specification.version" value="17"/>
    <property name="sun.cpu.isalist" value="amd64"/>
    <property name="sun.jnu.encoding" value="Cp1252"/>
    <property name="java.class.path" value="D:\Project\Java\Eclipse Migration\TESTING JUNIT\nexsoft-testing\target\test-classes;D:\Project\Java\Eclipse Migration\TESTING JUNIT\nexsoft-testing\target\classes;C:\Users\nexsoft\.m2\repository\org\junit\jupiter\junit-jupiter-api\5.8.2\junit-jupiter-api-5.8.2.jar;C:\Users\nexsoft\.m2\repository\org\opentest4j\opentest4j\1.2.0\opentest4j-1.2.0.jar;C:\Users\nexsoft\.m2\repository\org\junit\platform\junit-platform-commons\1.8.2\junit-platform-commons-1.8.2.jar;C:\Users\nexsoft\.m2\repository\org\apiguardian\apiguardian-api\1.1.2\apiguardian-api-1.1.2.jar;C:\Users\nexsoft\.m2\repository\org\junit\jupiter\junit-jupiter-params\5.8.2\junit-jupiter-params-5.8.2.jar;C:\Users\nexsoft\.m2\repository\org\apache\maven\surefire\surefire-logger-api\3.0.0-M6\surefire-logger-api-3.0.0-M6.jar;"/>
    <property name="java.vm.vendor" value="Eclipse Adoptium"/>
    <property name="sun.arch.data.model" value="64"/>
    <property name="user.variant" value=""/>
    <property name="java.vendor.url" value="https://adoptium.net/"/>
    <property name="user.timezone" value="Asia/Bangkok"/>
    <property name="user.country.format" value="ID"/>
    <property name="os.name" value="Windows 11"/>
    <property name="java.vm.specification.version" value="17"/>
    <property name="sun.java.launcher" value="SUN_STANDARD"/>
    <property name="user.country" value="US"/>
    <property name="sun.boot.library.path" value="C:\Users\nexsoft\.p2\pool\plugins\org.eclipse.justj.openjdk.hotspot.jre.full.win32.x86_64_17.0.2.v20220201-1208\jre\bin"/>
    <property name="sun.java.command" value="C:\Users\nexsoft\AppData\Local\Temp\surefire1267342136850180816\surefirebooter8313464269132695871.jar C:\Users\nexsoft\AppData\Local\Temp\surefire1267342136850180816 2022-06-05T10-55-13_997-jvmRun1 surefire2921333251025280843tmp surefire_06234828311513853504tmp"/>
    <property name="jdk.debug" value="release"/>
    <property name="surefire.test.class.path" value="D:\Project\Java\Eclipse Migration\TESTING JUNIT\nexsoft-testing\target\test-classes;D:\Project\Java\Eclipse Migration\TESTING JUNIT\nexsoft-testing\target\classes;C:\Users\nexsoft\.m2\repository\org\junit\jupiter\junit-jupiter-api\5.8.2\junit-jupiter-api-5.8.2.jar;C:\Users\nexsoft\.m2\repository\org\opentest4j\opentest4j\1.2.0\opentest4j-1.2.0.jar;C:\Users\nexsoft\.m2\repository\org\junit\platform\junit-platform-commons\1.8.2\junit-platform-commons-1.8.2.jar;C:\Users\nexsoft\.m2\repository\org\apiguardian\apiguardian-api\1.1.2\apiguardian-api-1.1.2.jar;C:\Users\nexsoft\.m2\repository\org\junit\jupiter\junit-jupiter-params\5.8.2\junit-jupiter-params-5.8.2.jar;C:\Users\nexsoft\.m2\repository\org\apache\maven\surefire\surefire-logger-api\3.0.0-M6\surefire-logger-api-3.0.0-M6.jar;"/>
    <property name="sun.cpu.endian" value="little"/>
    <property name="user.home" value="C:\Users\nexsoft"/>
    <property name="user.language" value="en"/>
    <property name="java.specification.vendor" value="Oracle Corporation"/>
    <property name="java.version.date" value="2022-01-18"/>
    <property name="java.home" value="C:\Users\nexsoft\.p2\pool\plugins\org.eclipse.justj.openjdk.hotspot.jre.full.win32.x86_64_17.0.2.v20220201-1208\jre"/>
    <property name="file.separator" value="\"/>
    <property name="basedir" value="D:\Project\Java\Eclipse Migration\TESTING JUNIT\nexsoft-testing"/>
    <property name="java.vm.compressedOopsMode" value="Zero based"/>
    <property name="line.separator" value="&#10;"/>
    <property name="java.vm.specification.vendor" value="Oracle Corporation"/>
    <property name="java.specification.name" value="Java Platform API Specification"/>
    <property name="surefire.real.class.path" value="C:\Users\nexsoft\AppData\Local\Temp\surefire1267342136850180816\surefirebooter8313464269132695871.jar"/>
    <property name="user.script" value=""/>
    <property name="sun.management.compiler" value="HotSpot 64-Bit Tiered Compilers"/>
    <property name="java.runtime.version" value="17.0.2+8"/>
    <property name="user.name" value="nexsoft"/>
    <property name="path.separator" value=";"/>
    <property name="os.version" value="10.0"/>
    <property name="java.runtime.name" value="OpenJDK Runtime Environment"/>
    <property name="file.encoding" value="Cp1252"/>
    <property name="java.vm.name" value="OpenJDK 64-Bit Server VM"/>
    <property name="java.vendor.version" value="Temurin-17.0.2+8"/>
    <property name="localRepository" value="C:\Users\nexsoft\.m2\repository"/>
    <property name="java.vendor.url.bug" value="https://github.com/adoptium/adoptium-support/issues"/>
    <property name="java.io.tmpdir" value="C:\Users\nexsoft\AppData\Local\Temp\"/>
    <property name="java.version" value="17.0.2"/>
    <property name="user.dir" value="D:\Project\Java\Eclipse Migration\TESTING JUNIT\nexsoft-testing"/>
    <property name="os.arch" value="amd64"/>
    <property name="java.vm.specification.name" value="Java Virtual Machine Specification"/>
    <property name="user.language.format" value="id"/>
    <property name="sun.os.patch.level" value=""/>
    <property name="native.encoding" value="Cp1252"/>
    <property name="java.library.path" value="C:\Users\nexsoft\.p2\pool\plugins\org.eclipse.justj.openjdk.hotspot.jre.full.win32.x86_64_17.0.2.v20220201-1208\jre\bin;C:\Windows\Sun\Java\bin;C:\Windows\system32;C:\Windows;C:/Users/nexsoft/.p2/pool/plugins/org.eclipse.justj.openjdk.hotspot.jre.full.win32.x86_64_17.0.2.v20220201-1208/jre/bin/server;C:/Users/nexsoft/.p2/pool/plugins/org.eclipse.justj.openjdk.hotspot.jre.full.win32.x86_64_17.0.2.v20220201-1208/jre/bin;C:\Program Files (x86)\Common Files\Oracle\Java\javapath;C:\Windows\system32;C:\Windows;C:\Windows\System32\Wbem;C:\Windows\System32\WindowsPowerShell\v1.0\;C:\Windows\System32\OpenSSH\;C:\Program Files\Git\cmd;D:\xampp\php;C:\Program Files\nodejs\;C:\Program Files\Java\jdk1.8.0_331\bin;C:\Users\nexsoft\AppData\Local\Microsoft\WindowsApps;;C:\Users\nexsoft\AppData\Local\Programs\Microsoft VS Code\bin;C:\Users\nexsoft\AppData\Roaming\npm;C:\Windows\System32;;."/>
    <property name="java.vm.info" value="mixed mode"/>
    <property name="java.vendor" value="Eclipse Adoptium"/>
    <property name="java.vm.version" value="17.0.2+8"/>
    <property name="sun.io.unicode.encoding" value="UnicodeLittle"/>
    <property name="java.class.version" value="61.0"/>
  </properties>
  <testcase name="testSubstract1" classname="com.nexsoft.test.CalculatorTest" time="0.031"/>
  <testcase name="testSubstract2" classname="com.nexsoft.test.CalculatorTest" time="0.001"/>
  <testcase name="testSubstract4" classname="com.nexsoft.test.CalculatorTest" time="0.007"/>
  <testcase name="testCheckVocal(String)[1]" classname="com.nexsoft.test.CalculatorTest" time="0.049"/>
  <testcase name="testCheckVocal(String)[2]" classname="com.nexsoft.test.CalculatorTest" time="0.001"/>
  <testcase name="testCheckVocal(String)[3]" classname="com.nexsoft.test.CalculatorTest" time="0.002"/>
  <testcase name="testCheckVocal(String)[4]" classname="com.nexsoft.test.CalculatorTest" time="0.002"/>
  <testcase name="testCheckVocal(String)[5]" classname="com.nexsoft.test.CalculatorTest" time="0.002"/>
  <testcase name="testAdd1" classname="com.nexsoft.test.CalculatorTest" time="0.001"/>
  <testcase name="testAdd2" classname="com.nexsoft.test.CalculatorTest" time="0.001"/>
  <testcase name="testAdd4" classname="com.nexsoft.test.CalculatorTest" time="0"/>
  <testcase name="testDivideStream(int, int, int)[1]" classname="com.nexsoft.test.CalculatorTest" time="0.001"/>
  <testcase name="testDivideStream(int, int, int)[2]" classname="com.nexsoft.test.CalculatorTest" time="0.001"/>
  <testcase name="testDivideThrow1" classname="com.nexsoft.test.CalculatorTest" time="0.004"/>
  <testcase name="testDivideThrow2" classname="com.nexsoft.test.CalculatorTest" time="0.002"/>
  <testcase name="testMultiplyCsvFile(int, int, int, int)[1]" classname="com.nexsoft.test.CalculatorTest" time="0.002"/>
  <testcase name="testMultiplyCsvFile(int, int, int, int)[2]" classname="com.nexsoft.test.CalculatorTest" time="0.002"/>
  <testcase name="testMultiplyCsvFile(int, int, int, int)[3]" classname="com.nexsoft.test.CalculatorTest" time="0.001"/>
  <testcase name="testCheckGanjil(int)[1]" classname="com.nexsoft.test.CalculatorTest" time="0.001"/>
  <testcase name="testCheckGanjil(int)[2]" classname="com.nexsoft.test.CalculatorTest" time="0.001"/>
  <testcase name="testCheckGanjil(int)[3]" classname="com.nexsoft.test.CalculatorTest" time="0.001"/>
  <testcase name="testCheckGanjil(int)[4]" classname="com.nexsoft.test.CalculatorTest" time="0.001"/>
  <testcase name="testCheckGanjil(int)[5]" classname="com.nexsoft.test.CalculatorTest" time="0.001"/>
  <testcase name="testMultiplyCsv(String, String, String, String)[1]" classname="com.nexsoft.test.CalculatorTest" time="0.001"/>
  <testcase name="testMultiplyCsv(String, String, String, String)[2]" classname="com.nexsoft.test.CalculatorTest" time="0.001"/>
  <testcase name="testMultiplyCsv(String, String, String, String)[3]" classname="com.nexsoft.test.CalculatorTest" time="0.001"/>
  <testcase name="testUnion1" classname="com.nexsoft.test.CalculatorTest" time="0.006"/>
</testsuite>